{"uuid":"3273fd8c-8a9d-45c1-a425-e686df958455","historyId":"23b5ae6b777a4a76f2b0d5019f60058","testCaseId":"[engine:junit-jupiter]/[class:BookingMapTest]/[method:bookingTest()]","testCaseName":"bookingTest()","fullName":"BookingMapTest.bookingTest","labels":[{"name":"junit.platform.uniqueid","value":"[engine:junit-jupiter]/[class:BookingMapTest]/[method:bookingTest()]"},{"name":"host","value":"Lynx"},{"name":"thread","value":"312@Lynx.Test worker(1)"},{"name":"framework","value":"junit-platform"},{"name":"language","value":"java"},{"name":"package","value":"BookingMapTest"},{"name":"testClass","value":"BookingMapTest"},{"name":"testMethod","value":"bookingTest"},{"name":"suite","value":"BookingMapTest"}],"links":[],"name":"bookingTest()","status":"failed","statusDetails":{"known":false,"muted":false,"flaky":false,"message":"Invalid element state [[data-date='2024-12-25']]: element click intercepted: Element <span tabindex=\"-1\" class=\"cf06f772fa ef091eb985\" data-date=\"2024-12-25\" aria-checked=\"false\" role=\"checkbox\" aria-label=\"25 декабрь 2024\">...</span> is not clickable at point (642, 653). Other element would receive the click: <div id=\"onetrust-banner-sdk\" class=\"otFlat bottom vertical-align-content ot-buttons-fw\" role=\"region\" aria-label=\"Cookie banner\" style=\"bottom: 0px;\">...</div>\r\nScreenshot: file:/C:/Users/pro10/Downloads/SelenideDZ/DZ22/build/reports/tests/1734442416749.0.png\r\nPage source: file:/C:/Users/pro10/Downloads/SelenideDZ/DZ22/build/reports/tests/1734442416749.0.html\r\nTimeout: 4 s.\r\nCaused by: ElementClickInterceptedException: element click intercepted: Element <span tabindex=\"-1\" class=\"cf06f772fa ef091eb985\" data-date=\"2024-12-25\" aria-checked=\"false\" role=\"checkbox\" aria-label=\"25 декабрь 2024\">...</span> is not clickable at point (642, 653). Other element would receive the click: <div id=\"onetrust-banner-sdk\" class=\"otFlat bottom vertical-align-content ot-buttons-fw\" role=\"region\" aria-label=\"Cookie banner\" style=\"bottom: 0px;\">...</div>","trace":"Invalid element state [[data-date='2024-12-25']]: element click intercepted: Element <span tabindex=\"-1\" class=\"cf06f772fa ef091eb985\" data-date=\"2024-12-25\" aria-checked=\"false\" role=\"checkbox\" aria-label=\"25 декабрь 2024\">...</span> is not clickable at point (642, 653). Other element would receive the click: <div id=\"onetrust-banner-sdk\" class=\"otFlat bottom vertical-align-content ot-buttons-fw\" role=\"region\" aria-label=\"Cookie banner\" style=\"bottom: 0px;\">...</div>\r\nScreenshot: file:/C:/Users/pro10/Downloads/SelenideDZ/DZ22/build/reports/tests/1734442416749.0.png\r\nPage source: file:/C:/Users/pro10/Downloads/SelenideDZ/DZ22/build/reports/tests/1734442416749.0.html\r\nTimeout: 4 s.\r\nCaused by: ElementClickInterceptedException: element click intercepted: Element <span tabindex=\"-1\" class=\"cf06f772fa ef091eb985\" data-date=\"2024-12-25\" aria-checked=\"false\" role=\"checkbox\" aria-label=\"25 декабрь 2024\">...</span> is not clickable at point (642, 653). Other element would receive the click: <div id=\"onetrust-banner-sdk\" class=\"otFlat bottom vertical-align-content ot-buttons-fw\" role=\"region\" aria-label=\"Cookie banner\" style=\"bottom: 0px;\">...</div>\r\n\tat com.codeborne.selenide.impl.ExceptionWrapper.wrap(ExceptionWrapper.java:19)\r\n\tat com.codeborne.selenide.impl.SelenideElementProxy.dispatchAndRetry(SelenideElementProxy.java:153)\r\n\tat com.codeborne.selenide.impl.SelenideElementProxy.invoke(SelenideElementProxy.java:83)\r\n\tat jdk.proxy3/jdk.proxy3.$Proxy14.click(Unknown Source)\r\n\tat MainPage.setDate(MainPage.java:15)\r\n\tat BookingMapTest.bookingTest(BookingMapTest.java:44)\r\n\tat java.base/java.lang.reflect.Method.invoke(Method.java:580)\r\n\tat java.base/java.util.ArrayList.forEach(ArrayList.java:1597)\r\n\tat java.base/java.util.ArrayList.forEach(ArrayList.java:1597)\r\nCaused by: org.openqa.selenium.ElementClickInterceptedException: element click intercepted: Element <span tabindex=\"-1\" class=\"cf06f772fa ef091eb985\" data-date=\"2024-12-25\" aria-checked=\"false\" role=\"checkbox\" aria-label=\"25 декабрь 2024\">...</span> is not clickable at point (642, 653). Other element would receive the click: <div id=\"onetrust-banner-sdk\" class=\"otFlat bottom vertical-align-content ot-buttons-fw\" role=\"region\" aria-label=\"Cookie banner\" style=\"bottom: 0px;\">...</div>\n  (Session info: chrome=131.0.6778.140)\nBuild info: version: '4.26.0', revision: '8ccf0219d7'\nSystem info: os.name: 'Windows 11', os.arch: 'amd64', os.version: '10.0', java.version: '22.0.1'\nDriver info: org.openqa.selenium.chrome.ChromeDriver\nCommand: [8c5c48bd77269a6dad38e8cf475787e2, clickElement {id=f.99921CA39F1E35E3FBF9841A4DB653C8.d.99C3336A1BDB91F8066FCCFE63582A2A.e.142}]\nCapabilities {acceptInsecureCerts: true, browserName: chrome, browserVersion: 131.0.6778.140, chrome: {chromedriverVersion: 131.0.6778.108 (3b014839fbc..., userDataDir: C:\\Users\\pro10\\AppData\\Loca...}, fedcm:accounts: true, goog:chromeOptions: {debuggerAddress: localhost:49842}, networkConnectionEnabled: false, pageLoadStrategy: normal, platformName: windows, proxy: Proxy(), se:cdp: ws://localhost:49842/devtoo..., se:cdpVersion: 131.0.6778.140, setWindowRect: true, strictFileInteractability: false, timeouts: {implicit: 0, pageLoad: 300000, script: 30000}, unhandledPromptBehavior: accept, webauthn:extension:credBlob: true, webauthn:extension:largeBlob: true, webauthn:extension:minPinLength: true, webauthn:extension:prf: true, webauthn:virtualAuthenticators: true}\nElement: [[ChromeDriver: chrome on windows (8c5c48bd77269a6dad38e8cf475787e2)] -> css selector: [data-date='2024-12-25']]\nSession ID: 8c5c48bd77269a6dad38e8cf475787e2\r\n\tat java.base/jdk.internal.reflect.DirectConstructorHandleAccessor.newInstance(DirectConstructorHandleAccessor.java:62)\r\n\tat java.base/java.lang.reflect.Constructor.newInstanceWithCaller(Constructor.java:502)\r\n\tat java.base/java.lang.reflect.Constructor.newInstance(Constructor.java:486)\r\n\tat org.openqa.selenium.remote.ErrorCodec.decode(ErrorCodec.java:167)\r\n\tat org.openqa.selenium.remote.codec.w3c.W3CHttpResponseCodec.decode(W3CHttpResponseCodec.java:138)\r\n\tat org.openqa.selenium.remote.codec.w3c.W3CHttpResponseCodec.decode(W3CHttpResponseCodec.java:50)\r\n\tat org.openqa.selenium.remote.HttpCommandExecutor.execute(HttpCommandExecutor.java:190)\r\n\tat org.openqa.selenium.remote.service.DriverCommandExecutor.invokeExecute(DriverCommandExecutor.java:216)\r\n\tat org.openqa.selenium.remote.service.DriverCommandExecutor.execute(DriverCommandExecutor.java:174)\r\n\tat org.openqa.selenium.remote.RemoteWebDriver.execute(RemoteWebDriver.java:545)\r\n\tat org.openqa.selenium.remote.RemoteWebElement.execute(RemoteWebElement.java:223)\r\n\tat org.openqa.selenium.remote.RemoteWebElement.click(RemoteWebElement.java:76)\r\n\tat com.codeborne.selenide.commands.Click.defaultClick(Click.java:94)\r\n\tat com.codeborne.selenide.commands.Click.doClick(Click.java:72)\r\n\tat com.codeborne.selenide.commands.Click.click(Click.java:48)\r\n\tat com.codeborne.selenide.commands.Click.execute(Click.java:28)\r\n\tat com.codeborne.selenide.FluentCommand.execute(FluentCommand.java:23)\r\n\tat com.codeborne.selenide.FluentCommand.execute(FluentCommand.java:19)\r\n\tat com.codeborne.selenide.commands.Commands.execute(Commands.java:159)\r\n\tat com.codeborne.selenide.impl.SelenideElementProxy.dispatchAndRetry(SelenideElementProxy.java:131)\r\n\t... 7 more\r\n"},"stage":"finished","description":"","steps":[{"name":"$(\"open\") https://www.booking.com/","status":"passed","stage":"finished","steps":[{"name":"$(\"webdriver\") create()","status":"passed","stage":"finished","steps":[],"attachments":[],"parameters":[],"start":1734442396372,"stop":1734442399910}],"attachments":[],"parameters":[],"start":1734442396357,"stop":1734442402879},{"name":"$(\"input[name='ss']\") set value(Прага)","status":"passed","stage":"finished","steps":[],"attachments":[],"parameters":[],"start":1734442405958,"stop":1734442406452},{"name":"$(\"By.xpath: /html/body/div[3]/div[2]/div/form/div/div[2]/div\") click()","status":"passed","stage":"finished","steps":[],"attachments":[],"parameters":[],"start":1734442409458,"stop":1734442409675},{"name":"$(\"[data-date='2024-12-25']\") click()","status":"failed","statusDetails":{"known":false,"muted":false,"flaky":false,"message":"Invalid element state [[data-date='2024-12-25']]: element click intercepted: Element <span tabindex=\"-1\" class=\"cf06f772fa ef091eb985\" data-date=\"2024-12-25\" aria-checked=\"false\" role=\"checkbox\" aria-label=\"25 декабрь 2024\">...</span> is not clickable at point (642, 653). Other element would receive the click: <div id=\"onetrust-banner-sdk\" class=\"otFlat bottom vertical-align-content ot-buttons-fw\" role=\"region\" aria-label=\"Cookie banner\" style=\"bottom: 0px;\">...</div>\r\nScreenshot: file:/C:/Users/pro10/Downloads/SelenideDZ/DZ22/build/reports/tests/1734442416749.0.png\r\nPage source: file:/C:/Users/pro10/Downloads/SelenideDZ/DZ22/build/reports/tests/1734442416749.0.html\r\nTimeout: 4 s.\r\nCaused by: ElementClickInterceptedException: element click intercepted: Element <span tabindex=\"-1\" class=\"cf06f772fa ef091eb985\" data-date=\"2024-12-25\" aria-checked=\"false\" role=\"checkbox\" aria-label=\"25 декабрь 2024\">...</span> is not clickable at point (642, 653). Other element would receive the click: <div id=\"onetrust-banner-sdk\" class=\"otFlat bottom vertical-align-content ot-buttons-fw\" role=\"region\" aria-label=\"Cookie banner\" style=\"bottom: 0px;\">...</div>","trace":"Invalid element state [[data-date='2024-12-25']]: element click intercepted: Element <span tabindex=\"-1\" class=\"cf06f772fa ef091eb985\" data-date=\"2024-12-25\" aria-checked=\"false\" role=\"checkbox\" aria-label=\"25 декабрь 2024\">...</span> is not clickable at point (642, 653). Other element would receive the click: <div id=\"onetrust-banner-sdk\" class=\"otFlat bottom vertical-align-content ot-buttons-fw\" role=\"region\" aria-label=\"Cookie banner\" style=\"bottom: 0px;\">...</div>\r\nScreenshot: file:/C:/Users/pro10/Downloads/SelenideDZ/DZ22/build/reports/tests/1734442416749.0.png\r\nPage source: file:/C:/Users/pro10/Downloads/SelenideDZ/DZ22/build/reports/tests/1734442416749.0.html\r\nTimeout: 4 s.\r\nCaused by: ElementClickInterceptedException: element click intercepted: Element <span tabindex=\"-1\" class=\"cf06f772fa ef091eb985\" data-date=\"2024-12-25\" aria-checked=\"false\" role=\"checkbox\" aria-label=\"25 декабрь 2024\">...</span> is not clickable at point (642, 653). Other element would receive the click: <div id=\"onetrust-banner-sdk\" class=\"otFlat bottom vertical-align-content ot-buttons-fw\" role=\"region\" aria-label=\"Cookie banner\" style=\"bottom: 0px;\">...</div>\r\n\tat com.codeborne.selenide.impl.ExceptionWrapper.wrap(ExceptionWrapper.java:19)\r\n\tat com.codeborne.selenide.impl.SelenideElementProxy.dispatchAndRetry(SelenideElementProxy.java:153)\r\n\tat com.codeborne.selenide.impl.SelenideElementProxy.invoke(SelenideElementProxy.java:83)\r\n\tat jdk.proxy3/jdk.proxy3.$Proxy14.click(Unknown Source)\r\n\tat MainPage.setDate(MainPage.java:15)\r\n\tat BookingMapTest.bookingTest(BookingMapTest.java:44)\r\n\tat java.base/jdk.internal.reflect.DirectMethodHandleAccessor.invoke(DirectMethodHandleAccessor.java:103)\r\n\tat java.base/java.lang.reflect.Method.invoke(Method.java:580)\r\n\tat org.junit.platform.commons.util.ReflectionUtils.invokeMethod(ReflectionUtils.java:728)\r\n\tat org.junit.jupiter.engine.execution.MethodInvocation.proceed(MethodInvocation.java:60)\r\n\tat org.junit.jupiter.engine.execution.InvocationInterceptorChain$ValidatingInvocation.proceed(InvocationInterceptorChain.java:131)\r\n\tat org.junit.jupiter.api.extension.InvocationInterceptor.interceptTestMethod(InvocationInterceptor.java:119)\r\n\tat org.junit.jupiter.engine.execution.InterceptingExecutableInvoker$ReflectiveInterceptorCall.lambda$ofVoidMethod$0(InterceptingExecutableInvoker.java:103)\r\n\tat org.junit.jupiter.engine.execution.InterceptingExecutableInvoker.lambda$invoke$0(InterceptingExecutableInvoker.java:93)\r\n\tat org.junit.jupiter.engine.execution.InvocationInterceptorChain$InterceptedInvocation.proceed(InvocationInterceptorChain.java:106)\r\n\tat org.junit.jupiter.engine.extension.TimeoutExtension.intercept(TimeoutExtension.java:156)\r\n\tat org.junit.jupiter.engine.extension.TimeoutExtension.interceptTestableMethod(TimeoutExtension.java:147)\r\n\tat org.junit.jupiter.engine.extension.TimeoutExtension.interceptTestMethod(TimeoutExtension.java:86)\r\n\tat org.junit.jupiter.engine.execution.InterceptingExecutableInvoker$ReflectiveInterceptorCall.lambda$ofVoidMethod$0(InterceptingExecutableInvoker.java:103)\r\n\tat org.junit.jupiter.engine.execution.InterceptingExecutableInvoker.lambda$invoke$0(InterceptingExecutableInvoker.java:93)\r\n\tat org.junit.jupiter.engine.execution.InvocationInterceptorChain$InterceptedInvocation.proceed(InvocationInterceptorChain.java:106)\r\n\tat org.junit.jupiter.engine.execution.InvocationInterceptorChain.proceed(InvocationInterceptorChain.java:64)\r\n\tat org.junit.jupiter.engine.execution.InvocationInterceptorChain.chainAndInvoke(InvocationInterceptorChain.java:45)\r\n\tat org.junit.jupiter.engine.execution.InvocationInterceptorChain.invoke(InvocationInterceptorChain.java:37)\r\n\tat org.junit.jupiter.engine.execution.InterceptingExecutableInvoker.invoke(InterceptingExecutableInvoker.java:92)\r\n\tat org.junit.jupiter.engine.execution.InterceptingExecutableInvoker.invoke(InterceptingExecutableInvoker.java:86)\r\n\tat org.junit.jupiter.engine.descriptor.TestMethodTestDescriptor.lambda$invokeTestMethod$7(TestMethodTestDescriptor.java:218)\r\n\tat org.junit.platform.engine.support.hierarchical.ThrowableCollector.execute(ThrowableCollector.java:73)\r\n\tat org.junit.jupiter.engine.descriptor.TestMethodTestDescriptor.invokeTestMethod(TestMethodTestDescriptor.java:214)\r\n\tat org.junit.jupiter.engine.descriptor.TestMethodTestDescriptor.execute(TestMethodTestDescriptor.java:139)\r\n\tat org.junit.jupiter.engine.descriptor.TestMethodTestDescriptor.execute(TestMethodTestDescriptor.java:69)\r\n\tat org.junit.platform.engine.support.hierarchical.NodeTestTask.lambda$executeRecursively$6(NodeTestTask.java:151)\r\n\tat org.junit.platform.engine.support.hierarchical.ThrowableCollector.execute(ThrowableCollector.java:73)\r\n\tat org.junit.platform.engine.support.hierarchical.NodeTestTask.lambda$executeRecursively$8(NodeTestTask.java:141)\r\n\tat org.junit.platform.engine.support.hierarchical.Node.around(Node.java:137)\r\n\tat org.junit.platform.engine.support.hierarchical.NodeTestTask.lambda$executeRecursively$9(NodeTestTask.java:139)\r\n\tat org.junit.platform.engine.support.hierarchical.ThrowableCollector.execute(ThrowableCollector.java:73)\r\n\tat org.junit.platform.engine.support.hierarchical.NodeTestTask.executeRecursively(NodeTestTask.java:138)\r\n\tat org.junit.platform.engine.support.hierarchical.NodeTestTask.execute(NodeTestTask.java:95)\r\n\tat java.base/java.util.ArrayList.forEach(ArrayList.java:1597)\r\n\tat org.junit.platform.engine.support.hierarchical.SameThreadHierarchicalTestExecutorService.invokeAll(SameThreadHierarchicalTestExecutorService.java:41)\r\n\tat org.junit.platform.engine.support.hierarchical.NodeTestTask.lambda$executeRecursively$6(NodeTestTask.java:155)\r\n\tat org.junit.platform.engine.support.hierarchical.ThrowableCollector.execute(ThrowableCollector.java:73)\r\n\tat org.junit.platform.engine.support.hierarchical.NodeTestTask.lambda$executeRecursively$8(NodeTestTask.java:141)\r\n\tat org.junit.platform.engine.support.hierarchical.Node.around(Node.java:137)\r\n\tat org.junit.platform.engine.support.hierarchical.NodeTestTask.lambda$executeRecursively$9(NodeTestTask.java:139)\r\n\tat org.junit.platform.engine.support.hierarchical.ThrowableCollector.execute(ThrowableCollector.java:73)\r\n\tat org.junit.platform.engine.support.hierarchical.NodeTestTask.executeRecursively(NodeTestTask.java:138)\r\n\tat org.junit.platform.engine.support.hierarchical.NodeTestTask.execute(NodeTestTask.java:95)\r\n\tat java.base/java.util.ArrayList.forEach(ArrayList.java:1597)\r\n\tat org.junit.platform.engine.support.hierarchical.SameThreadHierarchicalTestExecutorService.invokeAll(SameThreadHierarchicalTestExecutorService.java:41)\r\n\tat org.junit.platform.engine.support.hierarchical.NodeTestTask.lambda$executeRecursively$6(NodeTestTask.java:155)\r\n\tat org.junit.platform.engine.support.hierarchical.ThrowableCollector.execute(ThrowableCollector.java:73)\r\n\tat org.junit.platform.engine.support.hierarchical.NodeTestTask.lambda$executeRecursively$8(NodeTestTask.java:141)\r\n\tat org.junit.platform.engine.support.hierarchical.Node.around(Node.java:137)\r\n\tat org.junit.platform.engine.support.hierarchical.NodeTestTask.lambda$executeRecursively$9(NodeTestTask.java:139)\r\n\tat org.junit.platform.engine.support.hierarchical.ThrowableCollector.execute(ThrowableCollector.java:73)\r\n\tat org.junit.platform.engine.support.hierarchical.NodeTestTask.executeRecursively(NodeTestTask.java:138)\r\n\tat org.junit.platform.engine.support.hierarchical.NodeTestTask.execute(NodeTestTask.java:95)\r\n\tat org.junit.platform.engine.support.hierarchical.SameThreadHierarchicalTestExecutorService.submit(SameThreadHierarchicalTestExecutorService.java:35)\r\n\tat org.junit.platform.engine.support.hierarchical.HierarchicalTestExecutor.execute(HierarchicalTestExecutor.java:57)\r\n\tat org.junit.platform.engine.support.hierarchical.HierarchicalTestEngine.execute(HierarchicalTestEngine.java:54)\r\n\tat org.junit.platform.launcher.core.EngineExecutionOrchestrator.execute(EngineExecutionOrchestrator.java:198)\r\n\tat org.junit.platform.launcher.core.EngineExecutionOrchestrator.execute(EngineExecutionOrchestrator.java:169)\r\n\tat org.junit.platform.launcher.core.EngineExecutionOrchestrator.execute(EngineExecutionOrchestrator.java:93)\r\n\tat org.junit.platform.launcher.core.EngineExecutionOrchestrator.lambda$execute$0(EngineExecutionOrchestrator.java:58)\r\n\tat org.junit.platform.launcher.core.EngineExecutionOrchestrator.withInterceptedStreams(EngineExecutionOrchestrator.java:141)\r\n\tat org.junit.platform.launcher.core.EngineExecutionOrchestrator.execute(EngineExecutionOrchestrator.java:57)\r\n\tat org.junit.platform.launcher.core.DefaultLauncher.execute(DefaultLauncher.java:103)\r\n\tat org.junit.platform.launcher.core.DefaultLauncher.execute(DefaultLauncher.java:85)\r\n\tat org.junit.platform.launcher.core.DelegatingLauncher.execute(DelegatingLauncher.java:47)\r\n\tat org.gradle.api.internal.tasks.testing.junitplatform.JUnitPlatformTestClassProcessor$CollectAllTestClassesExecutor.processAllTestClasses(JUnitPlatformTestClassProcessor.java:124)\r\n\tat org.gradle.api.internal.tasks.testing.junitplatform.JUnitPlatformTestClassProcessor$CollectAllTestClassesExecutor.access$000(JUnitPlatformTestClassProcessor.java:99)\r\n\tat org.gradle.api.internal.tasks.testing.junitplatform.JUnitPlatformTestClassProcessor.stop(JUnitPlatformTestClassProcessor.java:94)\r\n\tat org.gradle.api.internal.tasks.testing.SuiteTestClassProcessor.stop(SuiteTestClassProcessor.java:63)\r\n\tat java.base/jdk.internal.reflect.DirectMethodHandleAccessor.invoke(DirectMethodHandleAccessor.java:103)\r\n\tat java.base/java.lang.reflect.Method.invoke(Method.java:580)\r\n\tat org.gradle.internal.dispatch.ReflectionDispatch.dispatch(ReflectionDispatch.java:36)\r\n\tat org.gradle.internal.dispatch.ReflectionDispatch.dispatch(ReflectionDispatch.java:24)\r\n\tat org.gradle.internal.dispatch.ContextClassLoaderDispatch.dispatch(ContextClassLoaderDispatch.java:33)\r\n\tat org.gradle.internal.dispatch.ProxyDispatchAdapter$DispatchingInvocationHandler.invoke(ProxyDispatchAdapter.java:92)\r\n\tat jdk.proxy1/jdk.proxy1.$Proxy4.stop(Unknown Source)\r\n\tat org.gradle.api.internal.tasks.testing.worker.TestWorker$3.run(TestWorker.java:200)\r\n\tat org.gradle.api.internal.tasks.testing.worker.TestWorker.executeAndMaintainThreadName(TestWorker.java:132)\r\n\tat org.gradle.api.internal.tasks.testing.worker.TestWorker.execute(TestWorker.java:103)\r\n\tat org.gradle.api.internal.tasks.testing.worker.TestWorker.execute(TestWorker.java:63)\r\n\tat org.gradle.process.internal.worker.child.ActionExecutionWorker.execute(ActionExecutionWorker.java:56)\r\n\tat org.gradle.process.internal.worker.child.SystemApplicationClassLoaderWorker.call(SystemApplicationClassLoaderWorker.java:121)\r\n\tat org.gradle.process.internal.worker.child.SystemApplicationClassLoaderWorker.call(SystemApplicationClassLoaderWorker.java:71)\r\n\tat worker.org.gradle.process.internal.worker.GradleWorkerMain.run(GradleWorkerMain.java:69)\r\n\tat worker.org.gradle.process.internal.worker.GradleWorkerMain.main(GradleWorkerMain.java:74)\r\nCaused by: org.openqa.selenium.ElementClickInterceptedException: element click intercepted: Element <span tabindex=\"-1\" class=\"cf06f772fa ef091eb985\" data-date=\"2024-12-25\" aria-checked=\"false\" role=\"checkbox\" aria-label=\"25 декабрь 2024\">...</span> is not clickable at point (642, 653). Other element would receive the click: <div id=\"onetrust-banner-sdk\" class=\"otFlat bottom vertical-align-content ot-buttons-fw\" role=\"region\" aria-label=\"Cookie banner\" style=\"bottom: 0px;\">...</div>\n  (Session info: chrome=131.0.6778.140)\nBuild info: version: '4.26.0', revision: '8ccf0219d7'\nSystem info: os.name: 'Windows 11', os.arch: 'amd64', os.version: '10.0', java.version: '22.0.1'\nDriver info: org.openqa.selenium.chrome.ChromeDriver\nCommand: [8c5c48bd77269a6dad38e8cf475787e2, clickElement {id=f.99921CA39F1E35E3FBF9841A4DB653C8.d.99C3336A1BDB91F8066FCCFE63582A2A.e.142}]\nCapabilities {acceptInsecureCerts: true, browserName: chrome, browserVersion: 131.0.6778.140, chrome: {chromedriverVersion: 131.0.6778.108 (3b014839fbc..., userDataDir: C:\\Users\\pro10\\AppData\\Loca...}, fedcm:accounts: true, goog:chromeOptions: {debuggerAddress: localhost:49842}, networkConnectionEnabled: false, pageLoadStrategy: normal, platformName: windows, proxy: Proxy(), se:cdp: ws://localhost:49842/devtoo..., se:cdpVersion: 131.0.6778.140, setWindowRect: true, strictFileInteractability: false, timeouts: {implicit: 0, pageLoad: 300000, script: 30000}, unhandledPromptBehavior: accept, webauthn:extension:credBlob: true, webauthn:extension:largeBlob: true, webauthn:extension:minPinLength: true, webauthn:extension:prf: true, webauthn:virtualAuthenticators: true}\nElement: [[ChromeDriver: chrome on windows (8c5c48bd77269a6dad38e8cf475787e2)] -> css selector: [data-date='2024-12-25']]\nSession ID: 8c5c48bd77269a6dad38e8cf475787e2\r\n\tat java.base/jdk.internal.reflect.DirectConstructorHandleAccessor.newInstance(DirectConstructorHandleAccessor.java:62)\r\n\tat java.base/java.lang.reflect.Constructor.newInstanceWithCaller(Constructor.java:502)\r\n\tat java.base/java.lang.reflect.Constructor.newInstance(Constructor.java:486)\r\n\tat org.openqa.selenium.remote.ErrorCodec.decode(ErrorCodec.java:167)\r\n\tat org.openqa.selenium.remote.codec.w3c.W3CHttpResponseCodec.decode(W3CHttpResponseCodec.java:138)\r\n\tat org.openqa.selenium.remote.codec.w3c.W3CHttpResponseCodec.decode(W3CHttpResponseCodec.java:50)\r\n\tat org.openqa.selenium.remote.HttpCommandExecutor.execute(HttpCommandExecutor.java:190)\r\n\tat org.openqa.selenium.remote.service.DriverCommandExecutor.invokeExecute(DriverCommandExecutor.java:216)\r\n\tat org.openqa.selenium.remote.service.DriverCommandExecutor.execute(DriverCommandExecutor.java:174)\r\n\tat org.openqa.selenium.remote.RemoteWebDriver.execute(RemoteWebDriver.java:545)\r\n\tat org.openqa.selenium.remote.RemoteWebElement.execute(RemoteWebElement.java:223)\r\n\tat org.openqa.selenium.remote.RemoteWebElement.click(RemoteWebElement.java:76)\r\n\tat com.codeborne.selenide.commands.Click.defaultClick(Click.java:94)\r\n\tat com.codeborne.selenide.commands.Click.doClick(Click.java:72)\r\n\tat com.codeborne.selenide.commands.Click.click(Click.java:48)\r\n\tat com.codeborne.selenide.commands.Click.execute(Click.java:28)\r\n\tat com.codeborne.selenide.FluentCommand.execute(FluentCommand.java:23)\r\n\tat com.codeborne.selenide.FluentCommand.execute(FluentCommand.java:19)\r\n\tat com.codeborne.selenide.commands.Commands.execute(Commands.java:159)\r\n\tat com.codeborne.selenide.impl.SelenideElementProxy.dispatchAndRetry(SelenideElementProxy.java:131)\r\n\t... 89 more\r\n"},"stage":"finished","steps":[],"attachments":[{"name":"Screenshot","source":"0d374457-8129-407e-a4df-15022846553b-attachment.png","type":"image/png"},{"name":"Page source","source":"57cf8ba5-4a4b-4229-8c6b-e93024980d05-attachment.html","type":"text/html"}],"parameters":[],"start":1734442412684,"stop":1734442417895}],"attachments":[],"parameters":[],"start":1734442396117,"stop":1734442417927}